[debug] [2024-08-16T13:25:48.456Z] ----------------------------------------------------------------------
[debug] [2024-08-16T13:25:48.460Z] Command:       C:\Program Files\nodejs\node.exe C:\Users\hp pc\AppData\Roaming\npm\node_modules\firebase-tools\lib\bin\firebase.js init
[debug] [2024-08-16T13:25:48.460Z] CLI Version:   13.15.2
[debug] [2024-08-16T13:25:48.460Z] Platform:      win32
[debug] [2024-08-16T13:25:48.460Z] Node Version:  v20.3.1
[debug] [2024-08-16T13:25:48.461Z] Time:          Fri Aug 16 2024 14:25:48 GMT+0100 (West Africa Standard Time)
[debug] [2024-08-16T13:25:48.461Z] ----------------------------------------------------------------------
[debug] 
[debug] [2024-08-16T13:25:48.472Z] > command requires scopes: ["email","openid","https://www.googleapis.com/auth/cloudplatformprojects.readonly","https://www.googleapis.com/auth/firebase","https://www.googleapis.com/auth/cloud-platform"]
[debug] [2024-08-16T13:25:48.472Z] > authorizing via signed-in user (scottdre32@gmail.com)
[info] 
     ######## #### ########  ######## ########     ###     ######  ########
     ##        ##  ##     ## ##       ##     ##  ##   ##  ##       ##
     ######    ##  ########  ######   ########  #########  ######  ######
     ##        ##  ##    ##  ##       ##     ## ##     ##       ## ##
     ##       #### ##     ## ######## ########  ##     ##  ######  ########

You're about to initialize a Firebase project in this directory:

  C:\Users\hp pc\Documents\My Portfolio

[info] 
=== Project Setup
[info] 
[info] First, let's associate this project directory with a Firebase project.
[info] You can create multiple project aliases by running firebase use --add, 
[info] but for now we'll just set up a default project.
[info] 
[debug] [2024-08-16T13:25:58.343Z] >>> [apiv2][query] GET https://firebase.googleapis.com/v1beta1/projects pageSize=100
[debug] [2024-08-16T13:25:59.178Z] <<< [apiv2][status] GET https://firebase.googleapis.com/v1beta1/projects 200
[debug] [2024-08-16T13:25:59.178Z] <<< [apiv2][body] GET https://firebase.googleapis.com/v1beta1/projects [omitted]
[info] i  Using project personal-portfolio-9ea0e (Personal Portfolio) 
[info] 
=== Database Setup
[info] i  database: ensuring required API firebasedatabase.googleapis.com is enabled... 
[debug] [2024-08-16T13:26:01.899Z] >>> [apiv2][query] GET https://serviceusage.googleapis.com/v1/projects/personal-portfolio-9ea0e/services/firebasedatabase.googleapis.com [none]
[debug] [2024-08-16T13:26:01.899Z] >>> [apiv2][(partial)header] GET https://serviceusage.googleapis.com/v1/projects/personal-portfolio-9ea0e/services/firebasedatabase.googleapis.com x-goog-quota-user=projects/personal-portfolio-9ea0e
[debug] [2024-08-16T13:26:03.099Z] <<< [apiv2][status] GET https://serviceusage.googleapis.com/v1/projects/personal-portfolio-9ea0e/services/firebasedatabase.googleapis.com 200
[debug] [2024-08-16T13:26:03.099Z] <<< [apiv2][body] GET https://serviceusage.googleapis.com/v1/projects/personal-portfolio-9ea0e/services/firebasedatabase.googleapis.com [omitted]
[info] +  database: required API firebasedatabase.googleapis.com is enabled 
[info] 
[debug] [2024-08-16T13:26:03.101Z] >>> [apiv2][query] GET https://firebasedatabase.googleapis.com/v1beta/projects/personal-portfolio-9ea0e/locations/-/instances/personal-portfolio-9ea0e-default-rtdb [none]
[debug] [2024-08-16T13:26:04.181Z] <<< [apiv2][status] GET https://firebasedatabase.googleapis.com/v1beta/projects/personal-portfolio-9ea0e/locations/-/instances/personal-portfolio-9ea0e-default-rtdb 200
[debug] [2024-08-16T13:26:04.182Z] <<< [apiv2][body] GET https://firebasedatabase.googleapis.com/v1beta/projects/personal-portfolio-9ea0e/locations/-/instances/personal-portfolio-9ea0e-default-rtdb {"name":"projects/103499770928/locations/us-central1/instances/personal-portfolio-9ea0e-default-rtdb","project":"projects/103499770928","databaseUrl":"https://personal-portfolio-9ea0e-default-rtdb.firebaseio.com","type":"DEFAULT_DATABASE","state":"ACTIVE"}
[info] 
[info] Firebase Realtime Database Security Rules allow you to define how your data should be
[info] structured and when your data can be read from and written to.
[info] 
[debug] [2024-08-16T13:26:27.366Z] >>> [apiv2][query] GET https://personal-portfolio-9ea0e-default-rtdb.firebaseio.com/.settings/rules.json [none]
[debug] [2024-08-16T13:26:27.883Z] <<< [apiv2][status] GET https://personal-portfolio-9ea0e-default-rtdb.firebaseio.com/.settings/rules.json 200
[debug] [2024-08-16T13:26:27.883Z] <<< [apiv2][body] GET https://personal-portfolio-9ea0e-default-rtdb.firebaseio.com/.settings/rules.json [stream]
[info] +  Database Rules for personal-portfolio-9ea0e-default-rtdb have been written to database.rules.json. 
[info] Future modifications to database.rules.json will update Realtime Database Security Rules when you run
[info] firebase deploy.
[info] 
=== Firestore Setup
[debug] [2024-08-16T13:26:27.889Z] >>> [apiv2][query] GET https://serviceusage.googleapis.com/v1/projects/personal-portfolio-9ea0e/services/firestore.googleapis.com [none]
[debug] [2024-08-16T13:26:27.890Z] >>> [apiv2][(partial)header] GET https://serviceusage.googleapis.com/v1/projects/personal-portfolio-9ea0e/services/firestore.googleapis.com x-goog-quota-user=projects/personal-portfolio-9ea0e
[debug] [2024-08-16T13:26:29.329Z] <<< [apiv2][status] GET https://serviceusage.googleapis.com/v1/projects/personal-portfolio-9ea0e/services/firestore.googleapis.com 200
[debug] [2024-08-16T13:26:29.330Z] <<< [apiv2][body] GET https://serviceusage.googleapis.com/v1/projects/personal-portfolio-9ea0e/services/firestore.googleapis.com [omitted]
[debug] [2024-08-16T13:26:29.330Z] >>> [apiv2][query] GET https://firestore.googleapis.com/v1/projects/personal-portfolio-9ea0e/databases/(default) [none]
[debug] [2024-08-16T13:26:30.432Z] <<< [apiv2][status] GET https://firestore.googleapis.com/v1/projects/personal-portfolio-9ea0e/databases/(default) 200
[debug] [2024-08-16T13:26:30.432Z] <<< [apiv2][body] GET https://firestore.googleapis.com/v1/projects/personal-portfolio-9ea0e/databases/(default) {"name":"projects/personal-portfolio-9ea0e/databases/(default)","uid":"e7d86b89-d62f-40e8-b186-adbf33165e06","createTime":"2024-08-16T13:25:05.604005Z","updateTime":"2024-08-16T13:25:05.604005Z","locationId":"nam5","type":"FIRESTORE_NATIVE","concurrencyMode":"PESSIMISTIC","versionRetentionPeriod":"3600s","earliestVersionTime":"2024-08-16T13:25:05.604005Z","appEngineIntegrationMode":"DISABLED","keyPrefix":"s","pointInTimeRecoveryEnablement":"POINT_IN_TIME_RECOVERY_DISABLED","deleteProtectionState":"DELETE_PROTECTION_DISABLED","etag":"IITSksLO+YcDMKXLvpnO+YcD"}
[debug] [2024-08-16T13:26:30.432Z] database_type: FIRESTORE_NATIVE
[debug] [2024-08-16T13:26:30.433Z] > command requires scopes: ["email","openid","https://www.googleapis.com/auth/cloudplatformprojects.readonly","https://www.googleapis.com/auth/firebase","https://www.googleapis.com/auth/cloud-platform"]
[debug] [2024-08-16T13:26:30.433Z] > authorizing via signed-in user (scottdre32@gmail.com)
[debug] [2024-08-16T13:26:30.433Z] [iam] checking project personal-portfolio-9ea0e for permissions ["firebase.projects.get"]
[debug] [2024-08-16T13:26:30.434Z] >>> [apiv2][query] POST https://cloudresourcemanager.googleapis.com/v1/projects/personal-portfolio-9ea0e:testIamPermissions [none]
[debug] [2024-08-16T13:26:30.434Z] >>> [apiv2][(partial)header] POST https://cloudresourcemanager.googleapis.com/v1/projects/personal-portfolio-9ea0e:testIamPermissions x-goog-quota-user=projects/personal-portfolio-9ea0e
[debug] [2024-08-16T13:26:30.434Z] >>> [apiv2][body] POST https://cloudresourcemanager.googleapis.com/v1/projects/personal-portfolio-9ea0e:testIamPermissions {"permissions":["firebase.projects.get"]}
[debug] [2024-08-16T13:26:32.068Z] <<< [apiv2][status] POST https://cloudresourcemanager.googleapis.com/v1/projects/personal-portfolio-9ea0e:testIamPermissions 200
[debug] [2024-08-16T13:26:32.068Z] <<< [apiv2][body] POST https://cloudresourcemanager.googleapis.com/v1/projects/personal-portfolio-9ea0e:testIamPermissions {"permissions":["firebase.projects.get"]}
[info] 
[info] Firestore Security Rules allow you to define how and when to allow
[info] requests. You can keep these rules in your project directory
[info] and publish them with firebase deploy.
[info] 
[debug] [2024-08-16T13:26:51.445Z] >>> [apiv2][query] GET https://firebaserules.googleapis.com/v1/projects/personal-portfolio-9ea0e/releases pageSize=10&pageToken=
[debug] [2024-08-16T13:26:52.749Z] <<< [apiv2][status] GET https://firebaserules.googleapis.com/v1/projects/personal-portfolio-9ea0e/releases 200
[debug] [2024-08-16T13:26:52.749Z] <<< [apiv2][body] GET https://firebaserules.googleapis.com/v1/projects/personal-portfolio-9ea0e/releases {"releases":[{"name":"projects/personal-portfolio-9ea0e/releases/cloud.firestore","rulesetName":"projects/personal-portfolio-9ea0e/rulesets/6ce920d5-7275-4cf8-9839-43adcf93fb02","createTime":"2024-08-16T13:25:12.906794Z","updateTime":"2024-08-16T13:25:12.906794Z"}]}
[debug] [2024-08-16T13:26:52.749Z] Found ruleset: projects/personal-portfolio-9ea0e/rulesets/6ce920d5-7275-4cf8-9839-43adcf93fb02
[debug] [2024-08-16T13:26:52.750Z] >>> [apiv2][query] GET https://firebaserules.googleapis.com/v1/projects/personal-portfolio-9ea0e/rulesets/6ce920d5-7275-4cf8-9839-43adcf93fb02 [none]
[debug] [2024-08-16T13:26:53.501Z] <<< [apiv2][status] GET https://firebaserules.googleapis.com/v1/projects/personal-portfolio-9ea0e/rulesets/6ce920d5-7275-4cf8-9839-43adcf93fb02 200
[debug] [2024-08-16T13:26:53.501Z] <<< [apiv2][body] GET https://firebaserules.googleapis.com/v1/projects/personal-portfolio-9ea0e/rulesets/6ce920d5-7275-4cf8-9839-43adcf93fb02 [omitted]
[info] 
[info] Firestore indexes allow you to perform complex queries while
[info] maintaining performance that scales with the size of the result
[info] set. You can keep index definitions in your project directory
[info] and publish them with firebase deploy.
[info] 
[debug] [2024-08-16T13:27:09.947Z] >>> [apiv2][query] GET https://firestore.googleapis.com/v1/projects/personal-portfolio-9ea0e/databases/(default)/collectionGroups/-/indexes [none]
[debug] [2024-08-16T13:27:09.951Z] >>> [apiv2][query] GET https://firestore.googleapis.com/v1/projects/personal-portfolio-9ea0e/databases/(default)/collectionGroups/-/fields?filter=indexConfig.usesAncestorConfig=false OR ttlConfig:* [none]
[debug] [2024-08-16T13:27:10.997Z] <<< [apiv2][status] GET https://firestore.googleapis.com/v1/projects/personal-portfolio-9ea0e/databases/(default)/collectionGroups/-/indexes 200
[debug] [2024-08-16T13:27:10.997Z] <<< [apiv2][body] GET https://firestore.googleapis.com/v1/projects/personal-portfolio-9ea0e/databases/(default)/collectionGroups/-/indexes {}
[debug] [2024-08-16T13:27:11.352Z] <<< [apiv2][status] GET https://firestore.googleapis.com/v1/projects/personal-portfolio-9ea0e/databases/(default)/collectionGroups/-/fields?filter=indexConfig.usesAncestorConfig=false OR ttlConfig:* 200
[debug] [2024-08-16T13:27:11.352Z] <<< [apiv2][body] GET https://firestore.googleapis.com/v1/projects/personal-portfolio-9ea0e/databases/(default)/collectionGroups/-/fields?filter=indexConfig.usesAncestorConfig=false OR ttlConfig:* {"fields":[{"name":"projects/personal-portfolio-9ea0e/databases/(default)/collectionGroups/__default__/fields/*","indexConfig":{"indexes":[{"queryScope":"COLLECTION","fields":[{"fieldPath":"*","order":"ASCENDING"}],"state":"READY"},{"queryScope":"COLLECTION","fields":[{"fieldPath":"*","order":"DESCENDING"}],"state":"READY"},{"queryScope":"COLLECTION","fields":[{"fieldPath":"*","arrayConfig":"CONTAINS"}],"state":"READY"}]}}]}
[info] 
=== Functions Setup
[debug] [2024-08-16T13:27:11.355Z] > command requires scopes: ["email","openid","https://www.googleapis.com/auth/cloudplatformprojects.readonly","https://www.googleapis.com/auth/firebase","https://www.googleapis.com/auth/cloud-platform"]
[debug] [2024-08-16T13:27:11.355Z] > authorizing via signed-in user (scottdre32@gmail.com)
[debug] [2024-08-16T13:27:11.355Z] [iam] checking project personal-portfolio-9ea0e for permissions ["firebase.projects.get"]
[debug] [2024-08-16T13:27:11.356Z] >>> [apiv2][query] POST https://cloudresourcemanager.googleapis.com/v1/projects/personal-portfolio-9ea0e:testIamPermissions [none]
[debug] [2024-08-16T13:27:11.356Z] >>> [apiv2][(partial)header] POST https://cloudresourcemanager.googleapis.com/v1/projects/personal-portfolio-9ea0e:testIamPermissions x-goog-quota-user=projects/personal-portfolio-9ea0e
[debug] [2024-08-16T13:27:11.356Z] >>> [apiv2][body] POST https://cloudresourcemanager.googleapis.com/v1/projects/personal-portfolio-9ea0e:testIamPermissions {"permissions":["firebase.projects.get"]}
[debug] [2024-08-16T13:27:12.270Z] <<< [apiv2][status] POST https://cloudresourcemanager.googleapis.com/v1/projects/personal-portfolio-9ea0e:testIamPermissions 200
[debug] [2024-08-16T13:27:12.270Z] <<< [apiv2][body] POST https://cloudresourcemanager.googleapis.com/v1/projects/personal-portfolio-9ea0e:testIamPermissions {"permissions":["firebase.projects.get"]}
[debug] [2024-08-16T13:27:12.271Z] >>> [apiv2][query] GET https://serviceusage.googleapis.com/v1/projects/personal-portfolio-9ea0e/services/cloudfunctions.googleapis.com [none]
[debug] [2024-08-16T13:27:12.271Z] >>> [apiv2][(partial)header] GET https://serviceusage.googleapis.com/v1/projects/personal-portfolio-9ea0e/services/cloudfunctions.googleapis.com x-goog-quota-user=projects/personal-portfolio-9ea0e
[debug] [2024-08-16T13:27:12.275Z] >>> [apiv2][query] GET https://serviceusage.googleapis.com/v1/projects/personal-portfolio-9ea0e/services/runtimeconfig.googleapis.com [none]
[debug] [2024-08-16T13:27:12.275Z] >>> [apiv2][(partial)header] GET https://serviceusage.googleapis.com/v1/projects/personal-portfolio-9ea0e/services/runtimeconfig.googleapis.com x-goog-quota-user=projects/personal-portfolio-9ea0e
[debug] [2024-08-16T13:27:13.360Z] <<< [apiv2][status] GET https://serviceusage.googleapis.com/v1/projects/personal-portfolio-9ea0e/services/runtimeconfig.googleapis.com 200
[debug] [2024-08-16T13:27:13.360Z] <<< [apiv2][body] GET https://serviceusage.googleapis.com/v1/projects/personal-portfolio-9ea0e/services/runtimeconfig.googleapis.com [omitted]
[debug] [2024-08-16T13:27:13.434Z] <<< [apiv2][status] GET https://serviceusage.googleapis.com/v1/projects/personal-portfolio-9ea0e/services/cloudfunctions.googleapis.com 200
[debug] [2024-08-16T13:27:13.434Z] <<< [apiv2][body] GET https://serviceusage.googleapis.com/v1/projects/personal-portfolio-9ea0e/services/cloudfunctions.googleapis.com [omitted]
[debug] [2024-08-16T13:27:13.435Z] >>> [apiv2][query] POST https://serviceusage.googleapis.com/v1/projects/personal-portfolio-9ea0e/services/cloudfunctions.googleapis.com:enable [none]
[debug] [2024-08-16T13:27:13.435Z] >>> [apiv2][(partial)header] POST https://serviceusage.googleapis.com/v1/projects/personal-portfolio-9ea0e/services/cloudfunctions.googleapis.com:enable x-goog-quota-user=projects/personal-portfolio-9ea0e
[debug] [2024-08-16T13:27:14.178Z] <<< [apiv2][status] POST https://serviceusage.googleapis.com/v1/projects/personal-portfolio-9ea0e/services/cloudfunctions.googleapis.com:enable 200
[debug] [2024-08-16T13:27:14.178Z] <<< [apiv2][body] POST https://serviceusage.googleapis.com/v1/projects/personal-portfolio-9ea0e/services/cloudfunctions.googleapis.com:enable [omitted]
[debug] [2024-08-16T13:27:24.183Z] >>> [apiv2][query] GET https://serviceusage.googleapis.com/v1/projects/personal-portfolio-9ea0e/services/cloudfunctions.googleapis.com [none]
[debug] [2024-08-16T13:27:24.183Z] >>> [apiv2][(partial)header] GET https://serviceusage.googleapis.com/v1/projects/personal-portfolio-9ea0e/services/cloudfunctions.googleapis.com x-goog-quota-user=projects/personal-portfolio-9ea0e
[debug] [2024-08-16T13:27:25.359Z] <<< [apiv2][status] GET https://serviceusage.googleapis.com/v1/projects/personal-portfolio-9ea0e/services/cloudfunctions.googleapis.com 200
[debug] [2024-08-16T13:27:25.359Z] <<< [apiv2][body] GET https://serviceusage.googleapis.com/v1/projects/personal-portfolio-9ea0e/services/cloudfunctions.googleapis.com [omitted]
[info] Let's create a new codebase for your functions.
[info] A directory corresponding to the codebase will be created in your project
[info] with sample code pre-configured.

[info] See https://firebase.google.com/docs/functions/organize-functions for
[info] more information on organizing your functions using codebases.

[info] Functions can be deployed with firebase deploy.

[info] +  Wrote functions/package.json 
[info] +  Wrote functions/index.js 
[info] +  Wrote functions/.gitignore 
[info] 
=== Hosting Setup
[debug] [2024-08-16T13:31:02.349Z] >>> [apiv2][query] GET https://firebase.googleapis.com/v1beta1/projects/personal-portfolio-9ea0e [none]
[debug] [2024-08-16T13:31:08.610Z] <<< [apiv2][status] GET https://firebase.googleapis.com/v1beta1/projects/personal-portfolio-9ea0e 200
[debug] [2024-08-16T13:31:08.610Z] <<< [apiv2][body] GET https://firebase.googleapis.com/v1beta1/projects/personal-portfolio-9ea0e {"projectId":"personal-portfolio-9ea0e","projectNumber":"103499770928","displayName":"Personal Portfolio","name":"projects/personal-portfolio-9ea0e","resources":{"hostingSite":"personal-portfolio-9ea0e","realtimeDatabaseInstance":"personal-portfolio-9ea0e-default-rtdb"},"state":"ACTIVE","etag":"1_2d29a512-599d-473e-8bcc-bc0ad6f9b360"}
[info] 
[info] Your public directory is the folder (relative to your project directory) that
[info] will contain Hosting assets to be uploaded with firebase deploy. If you
[info] have a build process for your assets, use your build's output directory.
[info] 
[info] +  Wrote public/404.html 
[debug] [2024-08-16T13:31:41.487Z] >>> [apiv2][query] GET https://www.gstatic.com/firebasejs/releases.json [none]
[debug] [2024-08-16T13:31:41.747Z] <<< [apiv2][status] GET https://www.gstatic.com/firebasejs/releases.json 200
[debug] [2024-08-16T13:31:41.747Z] <<< [apiv2][body] GET https://www.gstatic.com/firebasejs/releases.json {"current":{"version":"10.13.0","browserURL":"https://www.gstatic.com/firebasejs/10.13.0/firebase.js","packageURL":"https://www.gstatic.com/firebasejs/10.13.0/firebase.tgz"},"live":{"version":"10.13","browserURL":"https://www.gstatic.com/firebasejs/live/10.13/firebase.js","packageURL":"https://www.gstatic.com/firebasejs/live/10.13/firebase.tgz"},"components":{"analytics":"https://www.gstatic.com/firebasejs/10.13.0/firebase-analytics.js","app":"https://www.gstatic.com/firebasejs/10.13.0/firebase-app.js","app-check":"https://www.gstatic.com/firebasejs/10.13.0/firebase-app-check.js","auth":"https://www.gstatic.com/firebasejs/10.13.0/firebase-auth.js","auth/cordova":"https://www.gstatic.com/firebasejs/10.13.0/firebase-auth/cordova.js","auth/web-extension":"https://www.gstatic.com/firebasejs/10.13.0/firebase-auth/web-extension.js","functions":"https://www.gstatic.com/firebasejs/10.13.0/firebase-functions.js","firestore":"https://www.gstatic.com/firebasejs/10.13.0/firebase-firestore.js","firestore/lite":"https://www.gstatic.com/firebasejs/10.13.0/firebase-firestore/lite.js","installations":"https://www.gstatic.com/firebasejs/10.13.0/firebase-installations.js","storage":"https://www.gstatic.com/firebasejs/10.13.0/firebase-storage.js","performance":"https://www.gstatic.com/firebasejs/10.13.0/firebase-performance.js","remote-config":"https://www.gstatic.com/firebasejs/10.13.0/firebase-remote-config.js","messaging":"https://www.gstatic.com/firebasejs/10.13.0/firebase-messaging.js","messaging/sw":"https://www.gstatic.com/firebasejs/10.13.0/firebase-messaging/sw.js","database":"https://www.gstatic.com/firebasejs/10.13.0/firebase-database.js","vertexai-preview":"https://www.gstatic.com/firebasejs/10.13.0/firebase-vertexai-preview.js","firestore.memory":"https://www.gstatic.com/firebasejs/10.13.0/firebase-firestore.memory.js"}}
[info] +  Wrote public/index.html 
[info] 
[info] i  Detected a .git folder at C:\Users\hp pc\Documents\My Portfolio 
[info] i  Authorizing with GitHub to upload your service account to a GitHub repository's secrets store. 
[info] 
[info] Visit this URL on this device to log in:
[info] https://github.com/login/oauth/authorize?client_id=89cf50f02ac6aaed3484&state=281773429&redirect_uri=http%3A%2F%2Flocalhost%3A9005&scope=read%3Auser%20repo%20public_repo
[info] 
[info] Waiting for authentication...
[debug] [2024-08-16T13:32:09.718Z] >>> [apiv2][query] POST https://github.com/login/oauth/access_token [none]
[debug] [2024-08-16T13:32:09.718Z] >>> [apiv2][body] POST https://github.com/login/oauth/access_token [stream]
[debug] [2024-08-16T13:32:10.500Z] <<< [apiv2][status] POST https://github.com/login/oauth/access_token 200
[debug] [2024-08-16T13:32:10.500Z] <<< [apiv2][body] POST https://github.com/login/oauth/access_token {"access_token":"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","token_type":"bearer","scope":"read:user,repo"}
[debug] [2024-08-16T13:32:10.507Z] >>> [apiv2][query] GET https://api.github.com/user [none]
[debug] [2024-08-16T13:32:11.273Z] <<< [apiv2][status] GET https://api.github.com/user 200
[debug] [2024-08-16T13:32:11.273Z] <<< [apiv2][body] GET https://api.github.com/user {"login":"Amos-T","id":132767986,"node_id":"U_kgDOB-ng8g","avatar_url":"https://avatars.githubusercontent.com/u/132767986?v=4","gravatar_id":"","url":"https://api.github.com/users/Amos-T","html_url":"https://github.com/Amos-T","followers_url":"https://api.github.com/users/Amos-T/followers","following_url":"https://api.github.com/users/Amos-T/following{/other_user}","gists_url":"https://api.github.com/users/Amos-T/gists{/gist_id}","starred_url":"https://api.github.com/users/Amos-T/starred{/owner}{/repo}","subscriptions_url":"https://api.github.com/users/Amos-T/subscriptions","organizations_url":"https://api.github.com/users/Amos-T/orgs","repos_url":"https://api.github.com/users/Amos-T/repos","events_url":"https://api.github.com/users/Amos-T/events{/privacy}","received_events_url":"https://api.github.com/users/Amos-T/received_events","type":"User","site_admin":false,"name":"Amos Toluwalase","company":null,"blog":"","location":null,"email":null,"hireable":null,"bio":null,"twitter_username":null,"notification_email":null,"public_repos":16,"public_gists":0,"followers":20,"following":9,"created_at":"2023-05-06T15:07:19Z","updated_at":"2024-08-16T12:43:35Z","private_gists":0,"total_private_repos":1,"owned_private_repos":1,"disk_usage":17756,"collaborators":0,"two_factor_authentication":false,"plan":{"name":"free","space":976562499,"collaborators":0,"private_repos":10000}}
[info] 
[info] +  Success! Logged into GitHub as Amos-T 
[info] 
[debug] [2024-08-16T13:32:58.525Z] >>> [apiv2][query] GET https://api.github.com/repos/format: user/repository/actions/secrets/public-key type=owner
[debug] [2024-08-16T13:32:59.253Z] <<< [apiv2][status] GET https://api.github.com/repos/format: user/repository/actions/secrets/public-key 404
[debug] [2024-08-16T13:32:59.253Z] <<< [apiv2][body] GET https://api.github.com/repos/format: user/repository/actions/secrets/public-key {"message":"Not Found","documentation_url":"https://docs.github.com/rest/actions/secrets#get-a-repository-public-key","status":"404"}
[info] 
[info] 
[error] !  The provided authorization cannot be used with this repository. If this repository is in an organization, did you remember to grant access? 
[info] 
[info] i  Action required: Visit this URL to ensure access has been granted to the appropriate organization(s) for the Firebase CLI GitHub OAuth App: 
[info] https://github.com/settings/connections/applications/89cf50f02ac6aaed3484
[info] 
[debug] [2024-08-16T13:35:26.866Z] >>> [apiv2][query] GET https://api.github.com/repos/format: user/repository/actions/secrets/public-key type=owner
[debug] [2024-08-16T13:35:27.524Z] <<< [apiv2][status] GET https://api.github.com/repos/format: user/repository/actions/secrets/public-key 404
[debug] [2024-08-16T13:35:27.524Z] <<< [apiv2][body] GET https://api.github.com/repos/format: user/repository/actions/secrets/public-key {"message":"Not Found","documentation_url":"https://docs.github.com/rest/actions/secrets#get-a-repository-public-key","status":"404"}
[info] 
[info] 
[error] !  The provided authorization cannot be used with this repository. If this repository is in an organization, did you remember to grant access? 
[info] 
[info] i  Action required: Visit this URL to ensure access has been granted to the appropriate organization(s) for the Firebase CLI GitHub OAuth App: 
[info] https://github.com/settings/connections/applications/89cf50f02ac6aaed3484
[info] 
[debug] [2024-08-16T13:35:40.486Z] >>> [apiv2][query] GET https://api.github.com/repos//actions/secrets/public-key type=owner
[debug] [2024-08-16T13:35:41.111Z] <<< [apiv2][status] GET https://api.github.com/repos//actions/secrets/public-key 404
[debug] [2024-08-16T13:35:41.111Z] <<< [apiv2][body] GET https://api.github.com/repos//actions/secrets/public-key {"message":"Not Found","documentation_url":"https://docs.github.com/rest","status":"404"}
[info] 
[info] 
[error] !  The provided authorization cannot be used with this repository. If this repository is in an organization, did you remember to grant access? 
[info] 
[info] i  Action required: Visit this URL to ensure access has been granted to the appropriate organization(s) for the Firebase CLI GitHub OAuth App: 
[info] https://github.com/settings/connections/applications/89cf50f02ac6aaed3484
[info] 
[debug] [2024-08-16T13:36:01.941Z] >>> [apiv2][query] GET https://api.github.com/repos/user/repository/actions/secrets/public-key type=owner
[debug] [2024-08-16T13:36:02.567Z] <<< [apiv2][status] GET https://api.github.com/repos/user/repository/actions/secrets/public-key 404
[debug] [2024-08-16T13:36:02.568Z] <<< [apiv2][body] GET https://api.github.com/repos/user/repository/actions/secrets/public-key {"message":"Not Found","documentation_url":"https://docs.github.com/rest/actions/secrets#get-a-repository-public-key","status":"404"}
[info] 
[info] 
[error] !  The provided authorization cannot be used with this repository. If this repository is in an organization, did you remember to grant access? 
[info] 
[info] i  Action required: Visit this URL to ensure access has been granted to the appropriate organization(s) for the Firebase CLI GitHub OAuth App: 
[info] https://github.com/settings/connections/applications/89cf50f02ac6aaed3484
[info] 
[debug] [2024-08-16T13:36:13.499Z] >>> [apiv2][query] GET https://api.github.com/repos//actions/secrets/public-key type=owner
[debug] [2024-08-16T13:36:14.239Z] <<< [apiv2][status] GET https://api.github.com/repos//actions/secrets/public-key 404
[debug] [2024-08-16T13:36:14.240Z] <<< [apiv2][body] GET https://api.github.com/repos//actions/secrets/public-key {"message":"Not Found","documentation_url":"https://docs.github.com/rest","status":"404"}
[info] 
[info] 
[error] !  The provided authorization cannot be used with this repository. If this repository is in an organization, did you remember to grant access? 
[info] 
[info] i  Action required: Visit this URL to ensure access has been granted to the appropriate organization(s) for the Firebase CLI GitHub OAuth App: 
[info] https://github.com/settings/connections/applications/89cf50f02ac6aaed3484
[info] 
[debug] [2024-08-16T13:36:33.706Z] >>> [apiv2][query] GET https://api.github.com/repos/format: user/repository/actions/secrets/public-key type=owner
[debug] [2024-08-16T13:36:34.822Z] <<< [apiv2][status] GET https://api.github.com/repos/format: user/repository/actions/secrets/public-key 404
[debug] [2024-08-16T13:36:34.823Z] <<< [apiv2][body] GET https://api.github.com/repos/format: user/repository/actions/secrets/public-key {"message":"Not Found","documentation_url":"https://docs.github.com/rest/actions/secrets#get-a-repository-public-key","status":"404"}
[info] 
[info] 
[error] !  The provided authorization cannot be used with this repository. If this repository is in an organization, did you remember to grant access? 
[info] 
[info] i  Action required: Visit this URL to ensure access has been granted to the appropriate organization(s) for the Firebase CLI GitHub OAuth App: 
[info] https://github.com/settings/connections/applications/89cf50f02ac6aaed3484
[info] 
